<?xml version="1.0" encoding="UTF-8"?>
<!-- Generated by org.testng.reporters.JUnitReportReporter -->
<testsuite hostname="DESKTOP-77HRGP2" failures="0" tests="3" name="Tasks.Task1" time="26.921" errors="0" timestamp="2023-11-22T13:10:57 IST" skipped="0">
  <testcase classname="Tasks.Task1" name="signClick" time="3.928"/>
  <testcase classname="Tasks.Task1" name="Login" time="8.171"/>
  <testcase classname="Tasks.Task1" name="Search" time="14.822"/>
</testsuite> <!-- Tasks.Task1 -->
