<?xml version="1.0" encoding="UTF-8"?>
<!-- Generated by org.testng.reporters.JUnitReportReporter -->
<testsuite hostname="DESKTOP-77HRGP2" failures="0" tests="2" name="Tasks.Task2" time="291.412" errors="0" timestamp="2023-11-22T13:17:02 IST" skipped="0">
  <testcase classname="Tasks.Task2" name="signClick" time="3.955"/>
  <testcase classname="Tasks.Task2" name="SignUP" time="287.457"/>
</testsuite> <!-- Tasks.Task2 -->
